"../../../Within_VR_Test/Content/ActivateInterface.uasset" 0
"../../../Within_VR_Test/Content/Kid_to_Left_Talks_Intro.uasset" 1
"../../../Within_VR_Test/Content/Sitting_Talking__1__Anim1.uasset" 2
"../../../Engine/Content/EngineMeshes/Humanoid.uasset" 3
"../../../Within_VR_Test/Content/Mixamo/Claire/claire_2_Skeleton.uasset" 4
"../../../Within_VR_Test/Content/Sitting__1_3.uasset" 5
"../../../Within_VR_Test/Content/Whitebox_Grunge_BuiltData.uasset" 6
"../../../Within_VR_Test/Content/WinterFinal_BuiltData.uasset" 7
"../../../Within_VR_Test/Content/animation/claire_3_Blueprint.uasset" 8
"../../../Within_VR_Test/Content/animation/Having_A_Meeting__Male_Anim.uasset" 9
"../../../Within_VR_Test/Content/animation/Sitting_Idle__1_.uasset" 10
"../../../Within_VR_Test/Content/animation/Sitting_Talking_Anim1.uasset" 11
"../../../Within_VR_Test/Content/Mixamo/Girl_2/Sitting_Talking__1__Skeleton.uasset" 12
"../../../Within_VR_Test/Content/animation/Sitting_Talking__1__Anim.uasset" 13
"../../../Within_VR_Test/Content/animation/Sitting__1_.uasset" 14
"../../../Within_VR_Test/Content/animation/Sitting__1_1.uasset" 15
"../../../Within_VR_Test/Content/animation/Claire_animation/Sitting_Talking__4_.uasset" 16
"../../../Within_VR_Test/Content/animation/Claire_animation/Sitting__18_.uasset" 17
"../../../Within_VR_Test/Content/animation/Claire_animation/Talking__5_.uasset" 18
"../../../Within_VR_Test/Content/Mixamo/extras/Finn/Finn_Skeleton.uasset" 19
"../../../Within_VR_Test/Content/animation/Finn_animation/Sitting__3_.uasset" 20
"../../../Within_VR_Test/Content/animation/Finn_animation/Sitting__4_.uasset" 21
"../../../Within_VR_Test/Content/animation/Finn_animation/Sitting__lookatyoutest.uasset" 22
"../../../Within_VR_Test/Content/animation/Finn_animation/Finn_Animation_Blueprint.uasset" 23
"../../../Within_VR_Test/Content/animation/Finn_animation/Male_Sitting_Pose.uasset" 24
"../../../Within_VR_Test/Content/animation/Finn_animation/Sitting_Disapproval__1_.uasset" 25
"../../../Within_VR_Test/Content/animation/Finn_animation/Sitting_Victory.uasset" 26
"../../../Within_VR_Test/Content/animation/Finn_animation/Sitting__5_.uasset" 27
"../../../Within_VR_Test/Content/animation/Finn_animation/Stand_Up.uasset" 28
"../../../Within_VR_Test/Content/Mixamo/extras/Girl_1_1/Lara_Skeleton.uasset" 29
"../../../Within_VR_Test/Content/animation/Lara_Animation/Lara_Right_Cut_v2.uasset" 30
"../../../Within_VR_Test/Content/animation/Lara_Animation/Lara_animation_3.uasset" 31
"../../../Within_VR_Test/Content/animation/Lara_Animation/Lara_sitting.uasset" 32
"../../../Within_VR_Test/Content/animation/Lara_Animation/Lara_animation_4.uasset" 33
"../../../Within_VR_Test/Content/animation/Lara_Animation/Lara_animation_5.uasset" 34
"../../../Within_VR_Test/Content/animation/Lara_Animation/Lara_Look_Right.uasset" 35
"../../../Within_VR_Test/Content/animation/Lara_Animation/Lara_sweep_60fps.uasset" 36
"../../../Within_VR_Test/Content/animation/Lara_Animation/Lara_blueprint.uasset" 37
"../../../Within_VR_Test/Content/Mixamo/Claire/Claire_New_Textures/Claire_fuse_export_Shoes_Diffuse.uasset" 38
"../../../Within_VR_Test/Content/Mixamo/Claire/Claire_New_Textures/Claire_fuse_export_Shoes_Gloss.uasset" 39
"../../../Within_VR_Test/Content/Mixamo/Claire/Claire_New_Textures/Claire_fuse_export_Shoes_Normal.uasset" 40
"../../../Within_VR_Test/Content/Mixamo/Claire/Claire_New_Textures/Claire_fuse_export_Shoes_Opacity.uasset" 41
"../../../Within_VR_Test/Content/Mixamo/Claire/Claire_New_Textures/Claire_fuse_export_Shoes_Specular.uasset" 42
"../../../Within_VR_Test/Content/Mixamo/Claire/Claire_New_Textures/Claire_new_shoemat.uasset" 43
"../../../Within_VR_Test/Content/Mixamo/extras/Girl_1_1/girl_1_1_textures/Fuse_Extra_Girl_1_CC_Body_Diffuse.uasset" 44
"../../../Within_VR_Test/Content/Mixamo/extras/Girl_1_1/girl_1_1_textures/Fuse_Extra_Girl_1_CC_Body_Gloss.uasset" 45
"../../../Within_VR_Test/Content/Mixamo/extras/Girl_1_1/girl_1_1_textures/Fuse_Extra_Girl_1_CC_Body_Normal.uasset" 46
"../../../Within_VR_Test/Content/Mixamo/extras/Girl_1_1/girl_1_1_textures/Fuse_Extra_Girl_1_CC_Body_Opacity.uasset" 47
"../../../Within_VR_Test/Content/Mixamo/extras/Girl_1_1/girl_1_1_textures/Fuse_Extra_Girl_1_CC_Body_Specular.uasset" 48
"../../../Within_VR_Test/Content/Mixamo/extras/Girl_1_1/girl_1_1_textures/Ex_girl_1_1_bodymat.uasset" 49
"../../../Within_VR_Test/Content/Mixamo/extras/Girl_1_1/girl_1_1_textures/Fuse_Extra_Girl_1_CC_Bottom_Diffuse.uasset" 50
"../../../Within_VR_Test/Content/Mixamo/extras/Girl_1_1/girl_1_1_textures/Fuse_Extra_Girl_1_CC_Bottom_Gloss.uasset" 51
"../../../Within_VR_Test/Content/Mixamo/extras/Girl_1_1/girl_1_1_textures/Fuse_Extra_Girl_1_CC_Bottom_Normal.uasset" 52
"../../../Within_VR_Test/Content/Mixamo/extras/Girl_1_1/girl_1_1_textures/Fuse_Extra_Girl_1_CC_Bottom_Opacity.uasset" 53
"../../../Within_VR_Test/Content/Mixamo/extras/Girl_1_1/girl_1_1_textures/Fuse_Extra_Girl_1_CC_Bottom_Specular.uasset" 54
"../../../Within_VR_Test/Content/Mixamo/extras/Girl_1_1/girl_1_1_textures/Ex_girl_1_1_bottmap.uasset" 55
"../../../Within_VR_Test/Content/Mixamo/extras/Girl_1_1/girl_1_1_textures/Fuse_Extra_Girl_1_CC_Hair_Diffuse.uasset" 56
"../../../Within_VR_Test/Content/Mixamo/extras/Girl_1_1/girl_1_1_textures/Fuse_Extra_Girl_1_CC_Hair_Gloss.uasset" 57
"../../../Within_VR_Test/Content/Mixamo/extras/Girl_1_1/girl_1_1_textures/Fuse_Extra_Girl_1_CC_Hair_Normal.uasset" 58
"../../../Within_VR_Test/Content/Mixamo/extras/Girl_1_1/girl_1_1_textures/Fuse_Extra_Girl_1_CC_Hair_Opacity.uasset" 59
"../../../Within_VR_Test/Content/Mixamo/extras/Girl_1_1/girl_1_1_textures/Fuse_Extra_Girl_1_CC_Hair_Specular.uasset" 60
"../../../Within_VR_Test/Content/Mixamo/extras/Girl_1_1/girl_1_1_textures/Ex_girl_1_1_hairmat.uasset" 61
"../../../Within_VR_Test/Content/Mixamo/extras/Girl_1_1/girl_1_1_textures/Fuse_Extra_Girl_1_CC_Top_Diffuse.uasset" 62
"../../../Within_VR_Test/Content/Mixamo/extras/Girl_1_1/girl_1_1_textures/Fuse_Extra_Girl_1_CC_Top_Gloss.uasset" 63
"../../../Within_VR_Test/Content/Mixamo/extras/Girl_1_1/girl_1_1_textures/Fuse_Extra_Girl_1_CC_Top_Normal.uasset" 64
"../../../Within_VR_Test/Content/Mixamo/extras/Girl_1_1/girl_1_1_textures/Fuse_Extra_Girl_1_CC_Top_Opacity.uasset" 65
"../../../Within_VR_Test/Content/Mixamo/extras/Girl_1_1/girl_1_1_textures/Fuse_Extra_Girl_1_CC_Top_Specular.uasset" 66
"../../../Within_VR_Test/Content/Mixamo/extras/Girl_1_1/girl_1_1_textures/Ex_Girl_1_1_topmat.uasset" 67
"../../../Within_VR_Test/Content/Mixamo/extras/Girl_1_1/Lara_Mesh.uasset" 68
"../../../Within_VR_Test/Content/animation/Lara_Animation/Lara_Character.uasset" 69
"../../../Within_VR_Test/Content/animation/Lara_Animation/Lara_Fidget.uasset" 70
"../../../Within_VR_Test/Content/animation/Lara_Animation/Lara_Look_Right_Cut_Test.uasset" 71
"../../../Within_VR_Test/Content/animation/Lara_Animation/Lara_Look_animation_test.uasset" 72
"../../../Within_VR_Test/Content/animation/Lara_Animation/Lara_Look_Left.uasset" 73
"../../../Within_VR_Test/Content/animation/Lara_Animation/Lara_Montage.uasset" 74
"../../../Within_VR_Test/Content/animation/Lara_Animation/lara_sweep_30fps.uasset" 75
"../../../Within_VR_Test/Content/animation/Lara_Animation/STR_RotationConstraint.uasset" 76
"../../../Within_VR_Test/Content/animation/Materials/Bodymat.uasset" 77
"../../../Within_VR_Test/Content/animation/Materials/Bottommat.uasset" 78
"../../../Within_VR_Test/Content/animation/Materials/claire_2_Body_Diffuse.uasset" 79
"../../../Within_VR_Test/Content/animation/Materials/claire_2_Body_Gloss.uasset" 80
"../../../Within_VR_Test/Content/animation/Materials/claire_2_Body_Normal.uasset" 81
"../../../Within_VR_Test/Content/animation/Materials/claire_2_Body_Opacity.uasset" 82
"../../../Within_VR_Test/Content/animation/Materials/claire_2_Bottom_Normal.uasset" 83
"../../../Within_VR_Test/Content/animation/Materials/claire_2_Bottom_Opacity.uasset" 84
"../../../Within_VR_Test/Content/animation/Materials/claire_2_Bottom_Specular.uasset" 85
"../../../Within_VR_Test/Content/animation/Materials/claire_2_Hair_Diffuse.uasset" 86
"../../../Within_VR_Test/Content/animation/Materials/Hairmat.uasset" 87
"../../../Within_VR_Test/Content/animation/Materials/Shoesmat.uasset" 88
"../../../Within_VR_Test/Content/animation/Materials/Topmat.uasset" 89
"../../../Within_VR_Test/Content/Mixamo/extras/girl_3_4/Rose_Skeleton.uasset" 90
"../../../Within_VR_Test/Content/animation/Rose_animation/Sad_Walk__1_.uasset" 91
"../../../Within_VR_Test/Content/animation/Rose_animation/Sitting_Clap.uasset" 92
"../../../Within_VR_Test/Content/animation/Rose_animation/Sitting_Talking__2_.uasset" 93
"../../../Within_VR_Test/Content/animation/Rose_animation/Sitting__15_.uasset" 94
"../../../Within_VR_Test/Content/Mixamo/Teacher_Test_2/Teacher_Skeleton.uasset" 95
"../../../Within_VR_Test/Content/animation/Teacher_animation/Teacher_animation_blueprint.uasset" 96
"../../../Within_VR_Test/Content/animation/Teacher_animation/Teacher_Montage.uasset" 97
"../../../Within_VR_Test/Content/animation/Teacher_animation/Walking__1_.uasset" 98
"../../../Within_VR_Test/Content/animation/Teacher_animation/Walking__2_.uasset" 99
"../../../Within_VR_Test/Content/audio/Stress_soundbite-wav.uasset" 100
"../../../Within_VR_Test/Content/audio/backgroundMusic.uasset" 101
"../../../Within_VR_Test/Content/audio/Love_class_audio-wav.uasset" 102
"../../../Within_VR_Test/Content/audio/Love_class_audio-wav_Blueprint.uasset" 103
"../../../Within_VR_Test/Content/audio/Test_Alex_Dialogue-wav.uasset" 104
"../../../Within_VR_Test/Content/audio/Test_Alex_Dialogue-wav_Cue.uasset" 105
"../../../Within_VR_Test/Content/audio/ending_audio/heart_beat__1_.uasset" 106
"../../../Within_VR_Test/Content/audio/ending_audio/heart_beat_cue.uasset" 107
"../../../Within_VR_Test/Content/audio/ending_audio/Teacher_Ending-wav.uasset" 108
"../../../Within_VR_Test/Content/audio/ending_audio/teacher_ending_cue.uasset" 109
"../../../Within_VR_Test/Content/audio/Scratch_V2/Claire_got_to_run-wav.uasset" 110
"../../../Within_VR_Test/Content/audio/Scratch_V2/Claire_got_to_run-wav_Cue.uasset" 111
"../../../Within_VR_Test/Content/audio/Scratch_V2/Claire_sure_teacher-wav.uasset" 112
"../../../Within_VR_Test/Content/audio/Scratch_V2/Claire_sure_teacher-wav_Cue.uasset" 113
"../../../Within_VR_Test/Content/audio/Scratch_V2/Quick_Brown_fox-wav.uasset" 114
"../../../Within_VR_Test/Content/audio/Scratch_V2/Quick_Brown_fox-wav_Cue.uasset" 115
"../../../Within_VR_Test/Content/audio/Scratch_V2/shutup_7-wav.uasset" 116
"../../../Within_VR_Test/Content/audio/Scratch_V2/shutup_7-wav_Cue.uasset" 117
"../../../Within_VR_Test/Content/audio/Scratch_V2/take_a_peek-wav.uasset" 118
"../../../Within_VR_Test/Content/audio/Scratch_V2/take_a_peek-wav_Cue1.uasset" 119
"../../../Within_VR_Test/Content/audio/Scratch_V2/Teacher_meet_in_future-wav.uasset" 120
"../../../Within_VR_Test/Content/audio/Scratch_V2/Teacher_meet_in_future-wav_Cue.uasset" 121
"../../../Within_VR_Test/Content/audio/Scratch_V2/Teacher_oh_hey_claire-wav.uasset" 122
"../../../Within_VR_Test/Content/audio/Scratch_V2/Teacher_oh_hey_claire-wav_Cue.uasset" 123
"../../../Within_VR_Test/Content/audio/Scratch_V2/Teacher_see_ya_claire-wav.uasset" 124
"../../../Within_VR_Test/Content/audio/Scratch_V2/Teacher_see_ya_claire-wav_Cue.uasset" 125
"../../../Within_VR_Test/Content/audio/Scratch_V2/Teacher_thank_you_claire-wav.uasset" 126
"../../../Within_VR_Test/Content/audio/Scratch_V2/Teacher_thank_you_claire-wav_Cue.uasset" 127
"../../../Within_VR_Test/Content/audio/Scratch_V2/this_summer_sucked-wav.uasset" 128
"../../../Within_VR_Test/Content/audio/Scratch_V2/this_summer_sucked-wav_Cue.uasset" 129
"../../../Within_VR_Test/Content/Cinematics/Sequences/VRSequence001.uasset" 130
"../../../Within_VR_Test/Content/Geometry/Meshes/CubeMaterial.uasset" 131
"../../../Within_VR_Test/Content/Geometry/Meshes/1M_Cube_Chamfer.uasset" 132
"../../../Within_VR_Test/Content/Geometry/Meshes/TemplateFloor.uasset" 133
"../../../Within_VR_Test/Content/JUNK/test_camera_within.uasset" 134
"../../../Within_VR_Test/Content/JUNK/camera_test.uasset" 135
"../../../Within_VR_Test/Content/JUNK/Everything_grows.uasset" 136
"../../../Within_VR_Test/Content/audio/LeftPersonTest-wav.uasset" 137
"../../../Within_VR_Test/Content/JUNK/PersonLeftTestAttenuation.uasset" 138
"../../../Within_VR_Test/Content/JUNK/LeftPersonTest-wav_Blueprint.uasset" 139
"../../../Engine/Content/EditorBlueprintResources/StandardMacros.uasset" 140
"../../../Within_VR_Test/Content/JUNK/Lightbulb_looking_activate.uasset" 141
"../../../Within_VR_Test/Content/JUNK/NewLevelSequence.uasset" 142
"../../../Within_VR_Test/Content/Mixamo/Girl_1/Sitting_Talking_Skeleton.uasset" 143
"../../../Within_VR_Test/Content/Mixamo/Girl_1/Sitting_Talking_Anim.uasset" 144
"../../../Within_VR_Test/Content/Mixamo/Girl_1/Sitting_Talking_PhysicsAsset.uasset" 145
"../../../Within_VR_Test/Content/Mixamo/Girl_1/Sitting_Talking.uasset" 146
"../../../Within_VR_Test/Content/JUNK/Teacher_walking.uasset" 147
"../../../Within_VR_Test/Content/JUNK/Test_Alex_Dialogue-wav_Blueprint.uasset" 148
"../../../Within_VR_Test/Content/Materials/Whitebox_Grunge_Materials/Wall_Grunge_1.uasset" 149
"../../../Within_VR_Test/Content/Materials/Whitebox_Materials/Halogen_bulbs_Off.uasset" 150
"../../../Within_VR_Test/Content/Materials/Whitebox_Materials/Halogen_bulbs_v2.uasset" 151
"../../../Within_VR_Test/Content/Materials/Whitebox_Materials/school_tile_2.uasset" 152
"../../../Within_VR_Test/Content/Materials/Whitebox_Materials/school_tile_2_Mat.uasset" 153
"../../../Within_VR_Test/Content/Materials/Whitebox_Materials/school_tile_3.uasset" 154
"../../../Within_VR_Test/Content/Materials/Whitebox_Materials/WorldGridMaterial.uasset" 155
"../../../Engine/Content/Functions/Engine_MaterialFunctions01/Opacity/CameraDepthFade.uasset" 156
"../../../Engine/Content/EngineMaterials/T_Default_Material_Grid_M.uasset" 157
"../../../Engine/Content/EngineMaterials/T_Default_Material_Grid_N.uasset" 158
"../../../Engine/Content/EngineMaterials/WorldGridMaterial.uasset" 159
"../../../Within_VR_Test/Content/Maya_assets/blue_chair.uasset" 160
"../../../Within_VR_Test/Content/Maya_assets/lambert1.uasset" 161
"../../../Within_VR_Test/Content/Maya_assets/metal_legs.uasset" 162
"../../../Within_VR_Test/Content/Maya_assets/desk_within.uasset" 163
"../../../Within_VR_Test/Content/Maya_assets/metal.uasset" 164
"../../../Within_VR_Test/Content/Maya_assets/plastic_pink.uasset" 165
"../../../Within_VR_Test/Content/Maya_assets/plastic_white.uasset" 166
"../../../Within_VR_Test/Content/Maya_assets/pink_chair.uasset" 167
"../../../Within_VR_Test/Content/Maya_assets/regular_wood.uasset" 168
"../../../Within_VR_Test/Content/Mixamo/Sitting_Talking__1__Anim.uasset" 169
"../../../Within_VR_Test/Content/Mixamo/Sitting__1_.uasset" 170
"../../../Within_VR_Test/Content/Mixamo/Sitting__1_1.uasset" 171
"../../../Within_VR_Test/Content/Mixamo/Sitting__1_2.uasset" 172
"../../../Within_VR_Test/Content/Mixamo/Claire/claire_textures/claire_2_Body_AmbientOcclusion.uasset" 173
"../../../Within_VR_Test/Content/Mixamo/Claire/claire_textures/claire_2_Body_BaseColor.uasset" 174
"../../../Within_VR_Test/Content/Mixamo/Claire/claire_textures/claire_2_Body_Metallic.uasset" 175
"../../../Within_VR_Test/Content/Mixamo/Claire/claire_textures/claire_2_Body_Normal.uasset" 176
"../../../Within_VR_Test/Content/Mixamo/Claire/claire_textures/claire_2_Body_Roughness.uasset" 177
"../../../Within_VR_Test/Content/Mixamo/Claire/claire_textures/claire_bodymat.uasset" 178
"../../../Within_VR_Test/Content/Mixamo/Claire/claire_textures/claire_2_Bottom_AmbientOcclusion.uasset" 179
"../../../Within_VR_Test/Content/Mixamo/Claire/claire_textures/claire_2_Bottom_BaseColor.uasset" 180
"../../../Within_VR_Test/Content/Mixamo/Claire/claire_textures/claire_2_Bottom_Metallic.uasset" 181
"../../../Within_VR_Test/Content/Mixamo/Claire/claire_textures/claire_2_Bottom_Normal.uasset" 182
"../../../Within_VR_Test/Content/Mixamo/Claire/claire_textures/claire_2_Bottom_Roughness.uasset" 183
"../../../Within_VR_Test/Content/Mixamo/Claire/claire_textures/claire_bottommat.uasset" 184
"../../../Within_VR_Test/Content/Mixamo/Claire/claire_textures/claire_2_Hair_AmbientOcclusion.uasset" 185
"../../../Within_VR_Test/Content/Mixamo/Claire/claire_textures/claire_2_Hair_BaseColor.uasset" 186
"../../../Within_VR_Test/Content/Mixamo/Claire/claire_textures/claire_2_Hair_Metallic.uasset" 187
"../../../Within_VR_Test/Content/Mixamo/Claire/claire_textures/claire_2_Hair_Normal.uasset" 188
"../../../Within_VR_Test/Content/Mixamo/Claire/claire_textures/claire_2_Hair_Roughness.uasset" 189
"../../../Within_VR_Test/Content/Mixamo/Claire/claire_textures/claire_hairmat.uasset" 190
"../../../Within_VR_Test/Content/Mixamo/Claire/claire_textures/claire_2_Shoes_AmbientOcclusion.uasset" 191
"../../../Within_VR_Test/Content/Mixamo/Claire/claire_textures/claire_2_Shoes_BaseColor.uasset" 192
"../../../Within_VR_Test/Content/Mixamo/Claire/claire_textures/claire_2_Shoes_Metallic.uasset" 193
"../../../Within_VR_Test/Content/Mixamo/Claire/claire_textures/claire_2_Shoes_Normal.uasset" 194
"../../../Within_VR_Test/Content/Mixamo/Claire/claire_textures/claire_2_Shoes_Roughness.uasset" 195
"../../../Within_VR_Test/Content/Mixamo/Claire/claire_textures/claire_shoesmat.uasset" 196
"../../../Within_VR_Test/Content/Mixamo/Claire/claire_textures/claire_2_Top_AmbientOcclusion.uasset" 197
"../../../Within_VR_Test/Content/Mixamo/Claire/claire_textures/claire_2_Top_BaseColor.uasset" 198
"../../../Within_VR_Test/Content/Mixamo/Claire/claire_textures/claire_2_Top_Metallic.uasset" 199
"../../../Within_VR_Test/Content/Mixamo/Claire/claire_textures/claire_2_Top_Normal.uasset" 200
"../../../Within_VR_Test/Content/Mixamo/Claire/claire_textures/claire_2_Top_Roughness.uasset" 201
"../../../Within_VR_Test/Content/Mixamo/Claire/claire_textures/claire_topmat.uasset" 202
"../../../Within_VR_Test/Content/Mixamo/extras/Brent_Physics.uasset" 203
"../../../Within_VR_Test/Content/Mixamo/extras/Brent_skeleton.uasset" 204
"../../../Within_VR_Test/Content/Mixamo/extras/Sitting_Talking__1__Anim.uasset" 205
"../../../Within_VR_Test/Content/Mixamo/extras/Sitting__1_.uasset" 206
"../../../Within_VR_Test/Content/Mixamo/extras/Sitting__1_1.uasset" 207
"../../../Within_VR_Test/Content/Mixamo/extras/Sitting__1_2.uasset" 208
"../../../Within_VR_Test/Content/Mixamo/extras/extra_materials/Guy_3/Fuse_extra_guy_3_Body_AmbientOcclusion.uasset" 209
"../../../Within_VR_Test/Content/Mixamo/extras/extra_materials/Guy_3/Fuse_extra_guy_3_Body_BaseColor.uasset" 210
"../../../Within_VR_Test/Content/Mixamo/extras/extra_materials/Guy_3/Fuse_extra_guy_3_Body_Metallic.uasset" 211
"../../../Within_VR_Test/Content/Mixamo/extras/extra_materials/Guy_3/Fuse_extra_guy_3_Body_Normal.uasset" 212
"../../../Within_VR_Test/Content/Mixamo/extras/extra_materials/Guy_3/Fuse_extra_guy_3_Body_Roughness.uasset" 213
"../../../Within_VR_Test/Content/Mixamo/extras/extra_materials/Guy_3/ex_3_4_bodymat.uasset" 214
"../../../Within_VR_Test/Content/Mixamo/extras/extra_materials/Guy_3/Fuse_extra_guy_3_Bottom_AmbientOcclusion.uasset" 215
"../../../Within_VR_Test/Content/Mixamo/extras/extra_materials/Guy_3/Fuse_extra_guy_3_Bottom_BaseColor.uasset" 216
"../../../Within_VR_Test/Content/Mixamo/extras/extra_materials/Guy_3/Fuse_extra_guy_3_Bottom_Metallic.uasset" 217
"../../../Within_VR_Test/Content/Mixamo/extras/extra_materials/Guy_3/Fuse_extra_guy_3_Bottom_Normal.uasset" 218
"../../../Within_VR_Test/Content/Mixamo/extras/extra_materials/Guy_3/Fuse_extra_guy_3_Bottom_Roughness.uasset" 219
"../../../Within_VR_Test/Content/Mixamo/extras/extra_materials/Guy_3/Fuse_extra_guy_3_Shoes_AmbientOcclusion.uasset" 220
"../../../Within_VR_Test/Content/Mixamo/extras/extra_materials/Guy_3/Fuse_extra_guy_3_Shoes_BaseColor.uasset" 221
"../../../Within_VR_Test/Content/Mixamo/extras/extra_materials/Guy_3/Fuse_extra_guy_3_Shoes_Metallic.uasset" 222
"../../../Within_VR_Test/Content/Mixamo/extras/extra_materials/Guy_3/Fuse_extra_guy_3_Shoes_Normal.uasset" 223
"../../../Within_VR_Test/Content/Mixamo/extras/extra_materials/Guy_3/Fuse_extra_guy_3_Shoes_Roughness.uasset" 224
"../../../Within_VR_Test/Content/Mixamo/extras/extra_materials/Guy_3/Fuse_extra_guy_3_Top_AmbientOcclusion.uasset" 225
"../../../Within_VR_Test/Content/Mixamo/extras/extra_materials/Guy_3/Fuse_extra_guy_3_Top_BaseColor.uasset" 226
"../../../Within_VR_Test/Content/Mixamo/extras/extra_materials/Guy_3/Fuse_extra_guy_3_Top_Metallic.uasset" 227
"../../../Within_VR_Test/Content/Mixamo/extras/extra_materials/Guy_3/Fuse_extra_guy_3_Top_Normal.uasset" 228
"../../../Within_VR_Test/Content/Mixamo/extras/extra_materials/Guy_3/Fuse_extra_guy_3_Top_Roughness.uasset" 229
"../../../Within_VR_Test/Content/Mixamo/extras/Finn/Fuse_extra_guy_4_PhysicsAsset.uasset" 230
"../../../Within_VR_Test/Content/Mixamo/extras/Finn/Fuse_extra_guy_4_Skeleton.uasset" 231
"../../../Within_VR_Test/Content/Mixamo/extras/Girl_1_1/Lara_Physics.uasset" 232
"../../../Within_VR_Test/Content/Mixamo/extras/Girl_1_1/Sitting__1_2.uasset" 233
"../../../Within_VR_Test/Content/Mixamo/extras/Girl_1_1/girl_1_1_textures/Fuse_Extra_Girl_1_CC_Shoes_Diffuse.uasset" 234
"../../../Within_VR_Test/Content/Mixamo/extras/Girl_1_1/girl_1_1_textures/Fuse_Extra_Girl_1_CC_Shoes_Gloss.uasset" 235
"../../../Within_VR_Test/Content/Mixamo/extras/Girl_1_1/girl_1_1_textures/Fuse_Extra_Girl_1_CC_Shoes_Normal.uasset" 236
"../../../Within_VR_Test/Content/Mixamo/extras/Girl_1_1/girl_1_1_textures/Fuse_Extra_Girl_1_CC_Shoes_Opacity.uasset" 237
"../../../Within_VR_Test/Content/Mixamo/extras/Girl_1_1/girl_1_1_textures/Fuse_Extra_Girl_1_CC_Shoes_Specular.uasset" 238
"../../../Within_VR_Test/Content/Mixamo/extras/girl_3_4/Rose_Physics.uasset" 239
"../../../Within_VR_Test/Content/Mixamo/Girl_1/Within_Girl_Test_1_color.uasset" 240
"../../../Within_VR_Test/Content/Mixamo/Girl_1/_Body_MidSG.uasset" 241
"../../../Within_VR_Test/Content/Mixamo/Girl_1/within_character_test_1_H_DDS_MidRes.uasset" 242
"../../../Within_VR_Test/Content/Mixamo/Girl_1/_Body_MidSG_ncl1_1.uasset" 243
"../../../Within_VR_Test/Content/Mixamo/Girl_1/within_character_test_1_m_L_eye.uasset" 244
"../../../Within_VR_Test/Content/Mixamo/Girl_1/within_character_test_1_m_L_gland.uasset" 245
"../../../Within_VR_Test/Content/Mixamo/Girl_1/within_character_test_1_m_L_trans.uasset" 246
"../../../Within_VR_Test/Content/Mixamo/Girl_1/within_character_test_1_m_R_eye.uasset" 247
"../../../Within_VR_Test/Content/Mixamo/Girl_1/within_character_test_1_m_R_gland.uasset" 248
"../../../Within_VR_Test/Content/Mixamo/Girl_1/within_character_test_1_m_R_trans.uasset" 249
"../../../Within_VR_Test/Content/Mixamo/Girl_1/within_character_test_1_m_TeethDown.uasset" 250
"../../../Within_VR_Test/Content/Mixamo/Girl_1/within_character_test_1_m_TeethUp.uasset" 251
"../../../Within_VR_Test/Content/Mixamo/pacing/Walk_In_Circle_Skeleton.uasset" 252
"../../../Within_VR_Test/Content/Mixamo/pacing/Walk_In_Circle_Anim.uasset" 253
"../../../Within_VR_Test/Content/Mixamo/Teacher_3/Teacher_3_Body_Diffuse.uasset" 254
"../../../Within_VR_Test/Content/Mixamo/Teacher_3/T3Bodymat.uasset" 255
"../../../Within_VR_Test/Content/Mixamo/Teacher_3/Teacher_3_Body.uasset" 256
"../../../Within_VR_Test/Content/Mixamo/Teacher_3/Teacher_3_Body_Gloss.uasset" 257
"../../../Within_VR_Test/Content/Mixamo/Teacher_3/Teacher_3_Body_Normal.uasset" 258
"../../../Within_VR_Test/Content/Mixamo/Teacher_3/Teacher_3_Body_Opacity.uasset" 259
"../../../Within_VR_Test/Content/Mixamo/Teacher_3/Teacher_3_Body_Specular.uasset" 260
"../../../Within_VR_Test/Content/Mixamo/Teacher_3/Teacher_3_Bottoms.uasset" 261
"../../../Within_VR_Test/Content/Mixamo/Teacher_3/Teacher_3_Bottom_Diffuse.uasset" 262
"../../../Within_VR_Test/Content/Mixamo/Teacher_3/Teacher_3_Bottom_Gloss.uasset" 263
"../../../Within_VR_Test/Content/Mixamo/Teacher_3/Teacher_3_Bottom_Normal.uasset" 264
"../../../Within_VR_Test/Content/Mixamo/Teacher_3/Teacher_3_Bottom_Opacity.uasset" 265
"../../../Within_VR_Test/Content/Mixamo/Teacher_3/Teacher_3_Bottom_Specular.uasset" 266
"../../../Within_VR_Test/Content/Mixamo/Teacher_3/Teacher_3_default.uasset" 267
"../../../Within_VR_Test/Content/Mixamo/Teacher_3/Teacher_3_Eyes.uasset" 268
"../../../Within_VR_Test/Content/Mixamo/Teacher_3/Teacher_3_Shoes.uasset" 269
"../../../Within_VR_Test/Content/Mixamo/Teacher_3/Teacher_3_Shoes_Diffuse.uasset" 270
"../../../Within_VR_Test/Content/Mixamo/Teacher_3/Teacher_3_Shoes_Gloss.uasset" 271
"../../../Within_VR_Test/Content/Mixamo/Teacher_3/Teacher_3_Shoes_Normal.uasset" 272
"../../../Within_VR_Test/Content/Mixamo/Teacher_3/Teacher_3_Shoes_Opacity.uasset" 273
"../../../Within_VR_Test/Content/Mixamo/Teacher_3/Teacher_3_Shoes_Specular.uasset" 274
"../../../Within_VR_Test/Content/Mixamo/Teacher_3/Teacher_3_Tops.uasset" 275
"../../../Within_VR_Test/Content/Mixamo/Teacher_3/Teacher_3_Top_Diffuse.uasset" 276
"../../../Within_VR_Test/Content/Mixamo/Teacher_3/Teacher_3_Top_Gloss.uasset" 277
"../../../Within_VR_Test/Content/Mixamo/Teacher_3/Teacher_3_Top_Normal.uasset" 278
"../../../Within_VR_Test/Content/Mixamo/Teacher_3/Teacher_3_Top_Opacity.uasset" 279
"../../../Within_VR_Test/Content/Mixamo/Teacher_3/Teacher_3_Top_Specular.uasset" 280
"../../../Within_VR_Test/Content/Mixamo/Teacher_Test/Talking_Skeleton.uasset" 281
"../../../Within_VR_Test/Content/Mixamo/Teacher_Test/Talking_Anim.uasset" 282
"../../../Within_VR_Test/Content/audio/Dark_parade_for_Within-wav.uasset" 283
"../../../Within_VR_Test/Content/sequences/backgroundMusic_2.uasset" 284
"../../../Within_VR_Test/Content/sequences/claire_says_goodbye.uasset" 285
"../../../Within_VR_Test/Content/animation/Lara_Animation/Lara_leaving.uasset" 286
"../../../Within_VR_Test/Content/sequences/Lara_Move_Away.uasset" 287
"../../../Engine/Content/EngineMaterials/DefaultMaterial.uasset" 288
"../../../Engine/Content/BasicShapes/Cone.uasset" 289
"../../../Engine/Content/BasicShapes/Plane.uasset" 290
"../../../Engine/Content/EditorLandscapeResources/DataLayer.uasset" 291
"../../../Engine/Content/EditorMaterials/GizmoMaterial.uasset" 292
"../../../Engine/Content/EditorMaterials/MAT_Groups_Toggle.uasset" 293
"../../../Engine/Content/EditorMaterials/MAT_Groups_Visibility.uasset" 294
"../../../Engine/Content/EditorMaterials/PreviewShadowIndicator.uasset" 295
"../../../Engine/Content/EditorMaterials/PreviewShadowIndicatorMaterial.uasset" 296
"../../../Engine/Content/EditorMaterials/AssetViewer/EpicQuadPanorama_CC+EV1.uasset" 297
"../../../Engine/Content/EditorMaterials/MatineeGroups/MAT_ColorTrack.uasset" 298
"../../../Engine/Content/EditorMaterials/MatineeGroups/MAT_Groups_Anim.uasset" 299
"../../../Engine/Content/EditorMaterials/MatineeGroups/MAT_Groups_AudioMaster.uasset" 300
"../../../Engine/Content/EditorMaterials/MatineeGroups/MAT_Groups_Director.uasset" 301
"../../../Engine/Content/EditorMaterials/MatineeGroups/MAT_Groups_Event.uasset" 302
"../../../Engine/Content/EditorMaterials/MatineeGroups/MAT_Groups_Fade.uasset" 303
"../../../Engine/Content/EditorMaterials/MatineeGroups/MAT_Groups_Float.uasset" 304
"../../../Engine/Content/EditorMaterials/MatineeGroups/MAT_Groups_Move.uasset" 305
"../../../Engine/Content/EditorMaterials/MatineeGroups/MAT_Groups_Slomo.uasset" 306
"../../../Engine/Content/EditorMaterials/MatineeGroups/MAT_Groups_Sound.uasset" 307
"../../../Engine/Content/EditorMaterials/MatineeGroups/MAT_Groups_Vector.uasset" 308
"../../../Engine/Content/EditorMaterials/ParticleSystems/PSysThumbnail_NoImage.uasset" 309
"../../../Engine/Content/EditorMaterials/ParticleSystems/PSysThumbnail_OOD.uasset" 310
"../../../Engine/Content/EditorMaterials/Camera/CineMat.uasset" 311
"../../../Engine/Content/EditorMaterials/Camera/MI_CineMat_Rig.uasset" 312
"../../../Engine/Content/EditorMeshes/Camera/SM_CraneRig_Arm.uasset" 313
"../../../Engine/Content/EditorMeshes/Camera/SM_CraneRig_Base.uasset" 314
"../../../Engine/Content/EditorMeshes/Camera/SM_CraneRig_Body.uasset" 315
"../../../Engine/Content/EditorMeshes/Camera/SM_CraneRig_Mount.uasset" 316
"../../../Engine/Content/EditorMeshes/Camera/SM_RailRig_Mount.uasset" 317
"../../../Engine/Content/EditorMeshes/Camera/SM_RailRig_Track.uasset" 318
"../../../Engine/Content/EditorMeshes/ColorCalibrator/M_ChromeBall.uasset" 319
"../../../Engine/Content/EditorMeshes/ColorCalibrator/M_ClearCoat.uasset" 320
"../../../Engine/Content/EditorMeshes/ColorCalibrator/M_ClearCoatBlack.uasset" 321
"../../../Engine/Content/EditorMeshes/ColorCalibrator/T_ColorGrid.uasset" 322
"../../../Engine/Content/EditorMeshes/ColorCalibrator/M_ColorGrid.uasset" 323
"../../../Engine/Content/EditorMeshes/ColorCalibrator/M_GreyBall.uasset" 324
"../../../Engine/Content/EditorMeshes/ColorCalibrator/SM_ColorCalibrator.uasset" 325
"../../../Engine/Content/EditorResources/BSPVertex.uasset" 326
"../../../Engine/Content/EditorResources/EmptyActor.uasset" 327
"../../../Engine/Content/EditorResources/S_Actor.uasset" 328
"../../../Engine/Content/EditorResources/S_Trigger.uasset" 329
"../../../Engine/Content/EditorResources/AudioIcons/S_AudioComponent.uasset" 330
"../../../Engine/Content/EditorResources/AudioIcons/S_AudioComponent_AutoActivate.uasset" 331
"../../../Engine/Content/EditorResources/LightIcons/S_LightError.uasset" 332
"../../../Engine/Content/EditorResources/SequenceRecorder/Countdown.uasset" 333
"../../../Engine/Content/EditorResources/SequenceRecorder/RecordingIndicator.uasset" 334
"../../../Engine/Content/EditorSounds/Notifications/CompileFailed.uasset" 335
"../../../Engine/Content/EditorSounds/Notifications/CompileFailed_Cue.uasset" 336
"../../../Engine/Content/EditorSounds/Notifications/CompileSuccess.uasset" 337
"../../../Engine/Content/EditorSounds/Notifications/CompileStart_Cue.uasset" 338
"../../../Engine/Content/EditorSounds/Notifications/CompileSuccess_Cue.uasset" 339
"../../../Engine/Content/EngineDamageTypes/DmgTypeBP_Environmental.uasset" 340
"../../../Engine/Content/EngineDebugMaterials/HeatmapGradient.uasset" 341
"../../../Engine/Content/EngineDebugMaterials/BoneWeightMaterial.uasset" 342
"../../../Engine/Content/EngineDebugMaterials/ClothMaterial.uasset" 343
"../../../Engine/Content/EngineDebugMaterials/ClothMaterial_WF.uasset" 344
"../../../Engine/Content/EngineDebugMaterials/DebugEditorMaterial.uasset" 345
"../../../Engine/Content/EngineDebugMaterials/DebugMeshMaterial.uasset" 346
"../../../Engine/Content/EngineDebugMaterials/GeomMaterial.uasset" 347
"../../../Engine/Content/EngineFonts/Faces/RobotoBold.uasset" 348
"../../../Engine/Content/EngineFonts/Faces/RobotoBoldItalic.uasset" 349
"../../../Engine/Content/EngineFonts/Faces/RobotoItalic.uasset" 350
"../../../Engine/Content/EngineFonts/Faces/RobotoLight.uasset" 351
"../../../Engine/Content/EngineFonts/Faces/RobotoRegular.uasset" 352
"../../../Engine/Content/EngineFonts/Roboto.uasset" 353
"../../../Engine/Content/EngineFonts/Faces/RobotoTiny.uasset" 354
"../../../Engine/Content/EngineFonts/RobotoTiny.uasset" 355
"../../../Engine/Content/EngineMaterials/DefaultBloomKernel.uasset" 356
"../../../Engine/Content/EngineMaterials/DefaultBokeh.uasset" 357
"../../../Engine/Content/EngineMaterials/DefaultDiffuse.uasset" 358
"../../../Engine/Content/EngineMaterials/DefaultDeferredDecalMaterial.uasset" 359
"../../../Engine/Content/EngineMaterials/DefaultLightFunctionMaterial.uasset" 360
"../../../Engine/Content/EngineMaterials/DefaultPhysicalMaterial.uasset" 361
"../../../Engine/Content/Functions/Engine_MaterialFunctions02/Utility/BreakOutFloat2Components.uasset" 362
"../../../Engine/Content/EngineMaterials/DefaultPostProcessMaterial.uasset" 363
"../../../Engine/Content/EngineFonts/RobotoDistanceField.uasset" 364
"../../../Engine/Content/EngineMaterials/DefaultTextMaterialOpaque.uasset" 365
"../../../Engine/Content/EngineMaterials/DefaultWhiteGrid.uasset" 366
"../../../Engine/Content/EngineMaterials/EditorBrushMaterial.uasset" 367
"../../../Engine/Content/EngineMaterials/MiniFont.uasset" 368
"../../../Engine/Content/EngineMaterials/InvalidLightmapSettings.uasset" 369
"../../../Engine/Content/EngineMaterials/M_InvalidLightmapSettings.uasset" 370
"../../../Engine/Content/EngineMaterials/PhAT_JointLimitMaterial.uasset" 371
"../../../Engine/Content/EngineMaterials/PreintegratedSkinBRDF.uasset" 372
"../../../Engine/Content/EngineMaterials/RemoveSurfaceMaterial.uasset" 373
"../../../Engine/Content/EngineMaterials/WeightMapPlaceholderTexture.uasset" 374
"../../../Engine/Content/EngineResources/WhiteSquareTexture.uasset" 375
"../../../Engine/Content/EngineMaterials/Widget3DPassThrough.uasset" 376
"../../../Engine/Content/EngineMaterials/Widget3DPassThrough_Masked.uasset" 377
"../../../Engine/Content/EngineMaterials/Widget3DPassThrough_Opaque.uasset" 378
"../../../Engine/Content/EngineMaterials/Widget3DPassThrough_Masked_OneSided.uasset" 379
"../../../Engine/Content/EngineMaterials/Widget3DPassThrough_Opaque_OneSided.uasset" 380
"../../../Engine/Content/EngineMaterials/Widget3DPassThrough_Translucent.uasset" 381
"../../../Engine/Content/EngineMaterials/Widget3DPassThrough_Translucent_OneSided.uasset" 382
"../../../Engine/Content/EngineMeshes/Cube.uasset" 383
"../../../Engine/Content/EngineMeshes/Cylinder.uasset" 384
"../../../Engine/Content/EngineMeshes/Sphere.uasset" 385
"../../../Engine/Content/EngineResources/Black.uasset" 386
"../../../Engine/Content/EngineResources/DefaultTexture.uasset" 387
"../../../Engine/Content/EngineResources/DefaultTextureCube.uasset" 388
"../../../Engine/Content/EngineResources/GradientTexture0.uasset" 389
"../../../Engine/Content/EngineSounds/Master.uasset" 390
"../../../Engine/Content/Functions/Engine_MaterialFunctions01/Shading/ConvertFromDiffSpec.uasset" 391
"../../../Engine/Content/Functions/Engine_MaterialFunctions01/Shading/PowerToRoughness.uasset" 392
"../../../Engine/Content/Maps/Templates/Thumbnails/Default.uasset" 393
"../../../Engine/Content/Maps/Templates/Thumbnails/VR-Basic.uasset" 394
"../../../Engine/Content/MobileResources/T_MobileControls_texture.uasset" 395
"../../../Engine/Content/MobileResources/T_MobileMenu2.uasset" 396
"../../../Engine/Content/MobileResources/HUD/AnalogHat.uasset" 397
"../../../Engine/Content/MobileResources/HUD/VirtualJoystick_Background.uasset" 398
"../../../Engine/Content/MobileResources/HUD/VirtualJoystick_Thumb.uasset" 399
"../../../Engine/Content/MobileResources/HUD/DefaultVirtualJoysticks.uasset" 400
"../../../Engine/Content/MobileResources/HUD/LeftVirtualJoystickOnly.uasset" 401
"../../../Engine/Content/MobileResources/HUD/MobileHUDButton1_off.uasset" 402
"../../../Engine/Content/MobileResources/HUD/MobileHUDButton1_on.uasset" 403
"../../../Engine/Content/MobileResources/HUD/MobileHUDButton2_off.uasset" 404
"../../../Engine/Content/MobileResources/HUD/MobileHUDButton2_on.uasset" 405
"../../../Engine/Content/MobileResources/HUD/MobileHUDButton3.uasset" 406
"../../../Engine/Content/MobileResources/HUD/MobileHUDButtonFire.uasset" 407
"../../../Engine/Content/MobileResources/HUD/MobileHUDDirectionPad.uasset" 408
"../../../Engine/Content/MobileResources/HUD/MobileHUDDirectionPad2.uasset" 409
"../../../Engine/Content/MobileResources/HUD/MobileHUDDirectionPad3.uasset" 410
"../../../Engine/Content/MobileResources/HUD/MobileHUDDirectionStick.uasset" 411
"../../../Engine/Content/MobileResources/HUD/T_Castle_ThumbstickInner.uasset" 412
"../../../Engine/Content/MobileResources/HUD/T_Castle_ThumbstickOutter.uasset" 413
"../../../Engine/Content/Tutorial/ContentIntroCurve.uasset" 414
"../../../Engine/Content/Tutorial/Basics/TutorialAssets/icon_tab_Levels_40x.uasset" 415
"../../../Engine/Content/Tutorial/BlueprintTutorials/TutorialAssets/BlueprintInterface_64x.uasset" 416
"../../../Engine/Content/Tutorial/BlueprintTutorials/TutorialAssets/BlueprintMacroLibrary_64x.uasset" 417
"../../../Engine/Content/Tutorial/BlueprintTutorials/TutorialAssets/Blueprint_64x.uasset" 418
"../../../Engine/Content/EditorBlueprintResources/ActorMacros.uasset" 419
"../../../Engine/Content/Tutorial/BlueprintTutorials/TutorialAssets/Tutorial_BP_Class.uasset" 420
"../../../Engine/Content/Tutorial/BlueprintTutorials/TutorialAssets/Tutorial_BP_Interface.uasset" 421
"../../../Engine/Content/Tutorial/Foliage/TutorialAssets/Foliage.uasset" 422
"../../../Engine/Content/Tutorial/Landscape/TutorialAssets/Landscape.uasset" 423
"../../../Engine/Content/Tutorial/Paper2D/TutorialAssets/Paper2DFlipbook_TutorialIcon.uasset" 424
"../../../Engine/Content/Tutorial/Paper2D/TutorialAssets/Paper2DSprite_TutorialIcon.uasset" 425
"../../../Engine/Content/Tutorial/SubEditors/TutorialAssets/icon_Editor_Preferences_General_40x.uasset" 426
"../../../Engine/Content/Tutorial/SubEditors/TutorialAssets/icon_ShowSkeletalMeshes_40x.uasset" 427
"../../../Engine/Content/Tutorial/SubEditors/TutorialAssets/TutorialMaterial.uasset" 428
"../../../Engine/Content/Tutorial/SubEditors/TutorialAssets/T_SmokeSubUV_8X8.uasset" 429
"../../../Engine/Content/Tutorial/SubEditors/TutorialAssets/T_soft_smoke.uasset" 430
"../../../Engine/Content/Tutorial/SubEditors/TutorialAssets/M_smoke_subUV_blackbody.uasset" 431
"../../../Engine/Content/Tutorial/SubEditors/TutorialAssets/TutorialParticleSystem.uasset" 432
"../../../Engine/Content/EditorMeshes/EditorCube.uasset" 433
"../../../Engine/Content/Tutorial/SubEditors/TutorialAssets/Tutorial_DM.uasset" 434
"../../../Engine/Content/VREditor/Devices/Generic/GenericHMDMaterial.uasset" 435
"../../../Engine/Content/VREditor/Devices/Generic/GenericHMD.uasset" 436
"../../../Engine/Content/VREditor/FloatingText/LineMaterial.uasset" 437
"../../../Engine/Content/VREditor/FloatingText/JointSphere.uasset" 438
"../../../Engine/Content/VREditor/FloatingText/LineSegmentCylinder.uasset" 439
"../../../Engine/Content/VREditor/Fonts/VRText_RobotoLarge.uasset" 440
"../../../Engine/Content/VREditor/Fonts/VRTextMaterial.uasset" 441
"../../../Engine/Content/VREditor/Fonts/TranslucentVRTextMaterial.uasset" 442
"../../../Engine/Content/VREditor/LaserPointer/CursorPointer.uasset" 443
"../../../Engine/Content/VREditor/LaserPointer/VR_LaserPower_01.uasset" 444
"../../../Engine/Content/VREditor/TransformGizmo/TransformGizmoMaterial.uasset" 445
"../../../Engine/Content/VREditor/LaserPointer/HoverMaterial.uasset" 446
"../../../Engine/Content/VREditor/TransformGizmo/TranslucentTransformGizmoMaterial.uasset" 447
"../../../Engine/Content/VREditor/LaserPointer/TranslucentHoverMaterial.uasset" 448
"../../../Engine/Content/VREditor/LaserPointer/HoverMesh.uasset" 449
"../../../Engine/Content/VREditor/LaserPointer/LaserPointerMaterial.uasset" 450
"../../../Engine/Content/VREditor/LaserPointer/LaserPointerMaterialInst.uasset" 451
"../../../Engine/Content/VREditor/LaserPointer/TranslucentLaserPointerMaterialInst.uasset" 452
"../../../Engine/Content/VREditor/LaserPointer/LaserPointerMesh.uasset" 453
"../../../Engine/Content/VREditor/LaserPointer/LaserPointerMesh_End.uasset" 454
"../../../Engine/Content/VREditor/LaserPointer/LaserPointerMesh_Start.uasset" 455
"../../../Engine/Content/Functions/Engine_MaterialFunctions02/Utility/BreakOutFloat3Components.uasset" 456
"../../../Engine/Content/Functions/Engine_MaterialFunctions02/Math/Transform3x3Matrix.uasset" 457
"../../../Engine/Content/Functions/Engine_MaterialFunctions02/SplitComponents.uasset" 458
"../../../Engine/Content/Functions/Engine_MaterialFunctions02/Utility/MakeFloat3.uasset" 459
"../../../Engine/Content/VREditor/SnapGrid/SnapGridMaterial.uasset" 460
"../../../Engine/Content/VREditor/SnapGrid/SnapGridPlaneMesh.uasset" 461
"../../../Engine/Content/VREditor/Sounds/VR_teleport.uasset" 462
"../../../Engine/Content/VREditor/Sounds/UI/Click_on_Button_Cue.uasset" 463
"../../../Engine/Content/VREditor/Sounds/UI/Dockable_Window_Close.uasset" 464
"../../../Engine/Content/VREditor/Sounds/UI/Dockable_Window_Drop.uasset" 465
"../../../Engine/Content/VREditor/Sounds/UI/Dockable_Window_Open.uasset" 466
"../../../Engine/Content/VREditor/Sounds/UI/Dockable_Window_Pick_Up.uasset" 467
"../../../Engine/Content/VREditor/Sounds/UI/Drop_Item_From_ContentBrowser.uasset" 468
"../../../Engine/Content/VREditor/Sounds/UI/Floating_UI_Open-001.uasset" 469
"../../../Engine/Content/VREditor/Sounds/UI/Gizmo_Handle_Clicked.uasset" 470
"../../../Engine/Content/VREditor/Sounds/UI/Object_PickUp.uasset" 471
"../../../Engine/Content/VREditor/Sounds/UI/Object_Snaps_To_Another_Actor.uasset" 472
"../../../Engine/Content/VREditor/Sounds/UI/Object_Snaps_To_Grid.uasset" 473
"../../../Engine/Content/VREditor/Sounds/UI/Radial_Menu_FadeOut.uasset" 474
"../../../Engine/Content/VREditor/Sounds/UI/Scaling_Down.uasset" 475
"../../../Engine/Content/VREditor/Sounds/UI/Scaling_Up.uasset" 476
"../../../Engine/Content/VREditor/Sounds/UI/Selection_Changes.uasset" 477
"../../../Engine/Content/VREditor/Sounds/UI/Teleport_Mode_Entered.uasset" 478
"../../../Engine/Content/VREditor/Teleport/TeleportDirectionMaterial.uasset" 479
"../../../Engine/Content/VREditor/Teleport/TeleportDirectionMaterial_Inst.uasset" 480
"../../../Engine/Content/VREditor/Teleport/TeleportDirectionMesh.uasset" 481
"../../../Engine/Content/VREditor/TransformGizmo/BoundingBoxCorner.uasset" 482
"../../../Engine/Content/VREditor/TransformGizmo/BoundingBoxEdge.uasset" 483
"../../../Engine/Content/VREditor/TransformGizmo/PlaneTranslationHandle.uasset" 484
"../../../Engine/Content/VREditor/TransformGizmo/RotationHandleFull.uasset" 485
"../../../Engine/Content/VREditor/TransformGizmo/RotationHandleIndicator.uasset" 486
"../../../Engine/Content/VREditor/TransformGizmo/RotationHandleQuarter.uasset" 487
"../../../Engine/Content/VREditor/TransformGizmo/Main.uasset" 488
"../../../Engine/Content/VREditor/TransformGizmo/Xray.uasset" 489
"../../../Engine/Content/VREditor/TransformGizmo/SM_Dialog_Close.uasset" 490
"../../../Engine/Content/VREditor/TransformGizmo/SM_Dialog_Move.uasset" 491
"../../../Engine/Content/VREditor/TransformGizmo/SM_Sequencer_Key.uasset" 492
"../../../Engine/Content/VREditor/TransformGizmo/StartRotationHandleIndicator.uasset" 493
"../../../Engine/Content/VREditor/TransformGizmo/TranslucentTransformGizmoMaterial_Inst.uasset" 494
"../../../Engine/Content/VREditor/TransformGizmo/TransformGizmoFreeRotation.uasset" 495
"../../../Engine/Content/VREditor/TransformGizmo/TransformGizmoMaterial_Inst.uasset" 496
"../../../Engine/Content/VREditor/TransformGizmo/TranslateArrowHandle.uasset" 497
"../../../Engine/Content/VREditor/TransformGizmo/UniformScaleHandle.uasset" 498
"../../../Engine/Content/VREditor/UI/KeyDiskMaterial.uasset" 499
"../../../Engine/Content/VREditor/UI/DiscMaterial.uasset" 500
"../../../Engine/Content/VREditor/UI/SM_Radial_Disk.uasset" 501
"../../../Engine/Content/Functions/Engine_MaterialFunctions01/Gradient/RadialGradient.uasset" 502
"../../../Engine/Content/VREditor/WorldMovementGrid/SimpleGrid.uasset" 503
"../../../Engine/Content/VREditor/WorldMovementGrid/GridMaterial.uasset" 504
"../../../Engine/Content/Functions/Engine_MaterialFunctions01/Density/ExponentialDensity.uasset" 505
"../../../Engine/Content/VREditor/WorldMovementGrid/GridPostProcess.uasset" 506
"../../../Engine/Content/EditorLandscapeResources/FlattenHeightMat.uasset" 507
"../../../Engine/Content/VREditor/WorldMovementGrid/PlaneMesh.uasset" 508
"../../../Engine/Plugins/2D/Paper2D/Content/PlaceholderTextures/DummySpriteTexture.uasset" 509
"../../../Engine/Plugins/2D/Paper2D/Content/DummySprite.uasset" 510
"../../../Engine/Plugins/2D/Paper2D/Content/DefaultPaperTerrainMaterial.uasset" 511
"../../../Engine/Plugins/2D/Paper2D/Content/DefaultSpriteMaterial.uasset" 512
"../../../Engine/Plugins/2D/Paper2D/Content/MaskedUnlitSpriteMaterial.uasset" 513
"../../../Engine/Plugins/2D/Paper2D/Content/OpaqueUnlitSpriteMaterial.uasset" 514
"../../../Engine/Plugins/Runtime/Oculus/OculusVR/Content/Textures/GearVRController_AO.uasset" 515
"../../../Engine/Plugins/Runtime/Oculus/OculusVR/Content/Textures/GearVRController_Color.uasset" 516
"../../../Engine/Plugins/Runtime/Oculus/OculusVR/Content/Textures/GearVRController_Normal.uasset" 517
"../../../Engine/Plugins/Runtime/Oculus/OculusVR/Content/Materials/GearVRControllerMaterial.uasset" 518
"../../../Engine/Plugins/Runtime/Oculus/OculusVR/Content/Meshes/GearVrController.uasset" 519
"../../../Within_VR_Test/Content/Mixamo/Girl_2/Sitting_Talking__1__Anim.uasset" 520
"../../../Within_VR_Test/Content/Mixamo/girl_meeting/Having_A_Meeting__Female_Skeleton.uasset" 521
"../../../Within_VR_Test/Content/Mixamo/girl_meeting/Having_A_Meeting__Female_Anim.uasset" 522
"../../../Within_VR_Test/Content/Mixamo/guy_meeting/Having_A_Meeting__Male_Skeleton.uasset" 523
"../../../Within_VR_Test/Content/Mixamo/guy_meeting/Having_A_Meeting__Male_Anim.uasset" 524
"../../../Engine/Content/EngineSky/C_Sky_Cloud_Color.uasset" 525
"../../../Engine/Content/EngineSky/C_Sky_Horizon_Color.uasset" 526
"../../../Engine/Content/EngineSky/C_Sky_Zenith_Color.uasset" 527
"../../../Engine/Content/EngineSky/T_Sky_Blue.uasset" 528
"../../../Engine/Content/EngineSky/T_Sky_Clouds_M.uasset" 529
"../../../Engine/Content/EngineSky/T_Sky_Stars.uasset" 530
"../../../Engine/Content/EngineSky/M_Sky_Panning_Clouds2.uasset" 531
"../../../Engine/Content/EngineSky/SM_SkySphere.uasset" 532
"../../../Engine/Content/EngineSky/BP_Sky_Sphere.uasset" 533
"../../../Engine/Content/EngineFonts/Faces/DroidSansMono.uasset" 534
"../../../Engine/Content/EngineFonts/DroidSansMono.uasset" 535
"../../../Engine/Content/Sequencer/DefaultBurnInOptions.uasset" 536
"../../../Within_VR_Test/Content/VirtualReality/Mannequin/Character/Mesh/MannequinHand_Right_Skeleton.uasset" 537
"../../../Within_VR_Test/Content/VirtualReality/Mannequin/Animations/MannequinHand_Right_CanGrab.uasset" 538
"../../../Within_VR_Test/Content/VirtualReality/Mannequin/Animations/MannequinHand_Right_Grab.uasset" 539
"../../../Within_VR_Test/Content/VirtualReality/Mannequin/Animations/MannequinHand_Right_Open.uasset" 540
"../../../Within_VR_Test/Content/VirtualReality/Mannequin/Animations/RightGrip_BS.uasset" 541
"../../../Within_VR_Test/Content/VirtualRealityBP/Blueprints/GripEnum.uasset" 542
"../../../Within_VR_Test/Content/VirtualReality/Mannequin/Animations/RightHand_AnimBP.uasset" 543
"../../../Within_VR_Test/Content/VirtualRealityBP/Blueprints/PickupActorInterface.uasset" 544
"../../../Within_VR_Test/Content/VirtualRealityBP/Blueprints/MotionControllerHaptics.uasset" 545
"../../../Engine/Content/Functions/Engine_MaterialFunctions01/Texturing/ScaleUVsByCenter.uasset" 546
"../../../Engine/Content/Functions/Engine_MaterialFunctions02/ScreenResolution.uasset" 547
"../../../Engine/Content/Functions/Engine_MaterialFunctions02/Texturing/ScreenAlignedUVs.uasset" 548
"../../../Engine/Content/Functions/Engine_MaterialFunctions02/Utility/CameraDirectionVector.uasset" 549
"../../../Engine/Content/Functions/Engine_MaterialFunctions02/Utility/DepthFromWorldPosition.uasset" 550
"../../../Within_VR_Test/Content/VirtualReality/Materials/MF_OccludedPixels.uasset" 551
"../../../Within_VR_Test/Content/VirtualReality/Materials/TeleportMCP.uasset" 552
"../../../Engine/Content/EngineMaterials/Good64x64TilingNoiseHighFreq.uasset" 553
"../../../Within_VR_Test/Content/VirtualReality/Materials/M_ArcEndpoint.uasset" 554
"../../../Within_VR_Test/Content/VirtualReality/Materials/M_SplineArcMat.uasset" 555
"../../../Within_VR_Test/Content/VirtualReality/Materials/M_TeleportPreviews.uasset" 556
"../../../Within_VR_Test/Content/VirtualReality/Materials/MI_ChaperoneOutline.uasset" 557
"../../../Within_VR_Test/Content/VirtualReality/Materials/MI_TeleportCylinderPreview.uasset" 558
"../../../Engine/Content/BasicShapes/Cylinder.uasset" 559
"../../../Engine/Content/BasicShapes/Sphere.uasset" 560
"../../../Within_VR_Test/Content/VirtualReality/Mannequin/Character/Textures/UE4_Mannequin__normals.uasset" 561
"../../../Within_VR_Test/Content/VirtualReality/Mannequin/Character/Textures/UE4_Mannequin_MAT_MASKA.uasset" 562
"../../../Within_VR_Test/Content/VirtualReality/Mannequin/Character/Materials/M_HandMat.uasset" 563
"../../../Within_VR_Test/Content/VirtualReality/Mannequin/Character/Mesh/MannequinHand_Right_PhysicsAsset.uasset" 564
"../../../Within_VR_Test/Content/VirtualReality/Mannequin/Character/Mesh/MannequinHand_Right.uasset" 565
"../../../Within_VR_Test/Content/VirtualReality/Meshes/1x1_cube.uasset" 566
"../../../Within_VR_Test/Content/VirtualReality/Meshes/BeaconDirection.uasset" 567
"../../../Within_VR_Test/Content/VirtualReality/Meshes/BeamMesh.uasset" 568
"../../../Within_VR_Test/Content/VirtualReality/Meshes/SM_FatCylinder.uasset" 569
"../../../Within_VR_Test/Content/VirtualRealityBP/Blueprints/BP_MotionController.uasset" 570
"../../../Within_VR_Test/Content/VirtualRealityBP/Blueprints/MotionControllerPawn.uasset" 571
"../../../Engine/Content/BasicShapes/BasicShapeMaterial.uasset" 572
"../../../Engine/Content/MapTemplates/Materials/BasicTemplateMaterial.uasset" 573
"../../../Within_VR_Test/Content/Materials/Whitebox_Materials/Blackboard.uasset" 574
"../../../Within_VR_Test/Content/Materials/Whitebox_Materials/Ceiling.uasset" 575
"../../../Within_VR_Test/Content/Materials/Whitebox_Materials/Floor.uasset" 576
"../../../Within_VR_Test/Content/Materials/Whitebox_Materials/Halogen_bulbs.uasset" 577
"../../../Within_VR_Test/Content/Materials/Whitebox_Materials/Wall.uasset" 578
"../../../Within_VR_Test/Content/Mixamo/Girl_1/Within_Girl_Test_1_color_Mat.uasset" 579
"../../../Engine/Content/BasicShapes/Cube.uasset" 580
"../../../Engine/Content/MapTemplates/SM_Template_Map_Floor.uasset" 581
"../../../Within_VR_Test/Content/audio/loveclass_cue.uasset" 582
"../../../Within_VR_Test/Content/audio/Madman_audio-wav.uasset" 583
"../../../Within_VR_Test/Content/audio/madman_cue.uasset" 584
"../../../Within_VR_Test/Content/audio/madman_cue2.uasset" 585
"../../../Within_VR_Test/Content/audio/Need_a_group-wav.uasset" 586
"../../../Within_VR_Test/Content/audio/Need_a_group_cue.uasset" 587
"../../../Within_VR_Test/Content/Mixamo/Girl_2/Sitting_Talking__1__PhysicsAsset.uasset" 588
"../../../Within_VR_Test/Content/Mixamo/Girl_2/Sitting_Talking__1_.uasset" 589
"../../../Within_VR_Test/Content/Mixamo/girl_meeting/Having_A_Meeting__Female_PhysicsAsset.uasset" 590
"../../../Within_VR_Test/Content/Mixamo/girl_meeting/Having_A_Meeting__Female.uasset" 591
"../../../Within_VR_Test/Content/Mixamo/guy_meeting/Having_A_Meeting__Male_PhysicsAsset.uasset" 592
"../../../Within_VR_Test/Content/Mixamo/guy_meeting/Having_A_Meeting__Male.uasset" 593
"../../../Within_VR_Test/Content/Ignore.umap" 594
"../../../Within_VR_Test/Content/animation/Finn_animation/Sitting_Idle.uasset" 595
"../../../Within_VR_Test/Content/animation/Rose_animation/Sitting_Idle__1_.uasset" 596
"../../../Within_VR_Test/Content/Mixamo/Claire/Sitting__1_.uasset" 597
"../../../Within_VR_Test/Content/Mixamo/extras/Finn/Sitting__1_1.uasset" 598
"../../../Within_VR_Test/Content/Mixamo/extras/Girl_1_1/Sitting_Talking__1__Anim.uasset" 599
"../../../Within_VR_Test/Content/Mixamo/Teacher_Test_2/Teach_Idle_writing.uasset" 600
"../../../Within_VR_Test/Content/Mixamo/extras/Fuse_Extra_Girl_2_2_Skeleton.uasset" 601
"../../../Within_VR_Test/Content/Sitting__1_4.uasset" 602
"../../../Within_VR_Test/Content/Geometry/Meshes/1M_Cube.uasset" 603
"../../../Within_VR_Test/Content/new_test_camera_within.uasset" 604
"../../../Within_VR_Test/Content/Menu/MenuWidget.uasset" 605
"../../../Within_VR_Test/Content/Menu/Menu.uasset" 606
"../../../Within_VR_Test/Content/SmallRoom_BuiltData.uasset" 607
"../../../Within_VR_Test/Content/Materials/Whitebox_Materials/_Eye_transSG.uasset" 608
"../../../Within_VR_Test/Content/Materials/Whitebox_Materials/bookcoverTemp.uasset" 609
"../../../Within_VR_Test/Content/Materials/Whitebox_Materials/bookcoverTemp2.uasset" 610
"../../../Within_VR_Test/Content/Materials/Whitebox_Materials/Seamless_Cork_Wood_Texture.uasset" 611
"../../../Within_VR_Test/Content/Materials/Whitebox_Materials/seamless_pressed_wood_texture_NORMAL.uasset" 612
"../../../Within_VR_Test/Content/Materials/Whitebox_Materials/seamless_pressed_wood_texture_SPECULAR.uasset" 613
"../../../Within_VR_Test/Content/Materials/Whitebox_Materials/Corkwood.uasset" 614
"../../../Within_VR_Test/Content/Materials/Whitebox_Materials/Fluorescent.uasset" 615
"../../../Within_VR_Test/Content/Materials/Whitebox_Materials/tiled_floor.uasset" 616
"../../../Within_VR_Test/Content/Materials/Whitebox_Materials/tiled_floor_Mat.uasset" 617
"../../../Within_VR_Test/Content/Materials/Whitebox_Materials/wood_texture.uasset" 618
"../../../Within_VR_Test/Content/Materials/Whitebox_Materials/Wood_1.uasset" 619
"../../../Within_VR_Test/Content/Mixamo/Claire/Claire_New_Textures/Claire_fuse_export_Body_Diffuse.uasset" 620
"../../../Within_VR_Test/Content/Mixamo/Claire/Claire_New_Textures/Claire_fuse_export_Body_Gloss.uasset" 621
"../../../Within_VR_Test/Content/Mixamo/Claire/Claire_New_Textures/Claire_fuse_export_Body_Normal.uasset" 622
"../../../Within_VR_Test/Content/Mixamo/Claire/Claire_New_Textures/Claire_fuse_export_Body_Opacity.uasset" 623
"../../../Within_VR_Test/Content/Mixamo/Claire/Claire_New_Textures/Claire_fuse_export_Body_Specular.uasset" 624
"../../../Within_VR_Test/Content/Mixamo/Claire/Claire_New_Textures/Claire_new_bodymat.uasset" 625
"../../../Within_VR_Test/Content/Mixamo/Claire/Claire_New_Textures/Claire_fuse_export_Bottom_Diffuse.uasset" 626
"../../../Within_VR_Test/Content/Mixamo/Claire/Claire_New_Textures/Claire_fuse_export_Bottom_Gloss.uasset" 627
"../../../Within_VR_Test/Content/Mixamo/Claire/Claire_New_Textures/Claire_fuse_export_Bottom_Normal.uasset" 628
"../../../Within_VR_Test/Content/Mixamo/Claire/Claire_New_Textures/Claire_fuse_export_Bottom_Opacity.uasset" 629
"../../../Within_VR_Test/Content/Mixamo/Claire/Claire_New_Textures/Claire_fuse_export_Bottom_Specular.uasset" 630
"../../../Within_VR_Test/Content/Mixamo/Claire/Claire_New_Textures/claire_new_bottmat.uasset" 631
"../../../Within_VR_Test/Content/Mixamo/Claire/Claire_New_Textures/Claire_fuse_export_Hair_Diffuse.uasset" 632
"../../../Within_VR_Test/Content/Mixamo/Claire/Claire_New_Textures/Claire_fuse_export_Hair_Gloss.uasset" 633
"../../../Within_VR_Test/Content/Mixamo/Claire/Claire_New_Textures/Claire_fuse_export_Hair_Normal.uasset" 634
"../../../Within_VR_Test/Content/Mixamo/Claire/Claire_New_Textures/Claire_fuse_export_Hair_Opacity.uasset" 635
"../../../Within_VR_Test/Content/Mixamo/Claire/Claire_New_Textures/Claire_fuse_export_Hair_Specular.uasset" 636
"../../../Within_VR_Test/Content/Mixamo/Claire/Claire_New_Textures/Claire_new_hairmat.uasset" 637
"../../../Within_VR_Test/Content/Mixamo/Claire/Claire_New_Textures/Claire_fuse_export_Top_Diffuse.uasset" 638
"../../../Within_VR_Test/Content/Mixamo/Claire/Claire_New_Textures/Claire_fuse_export_Top_Gloss.uasset" 639
"../../../Within_VR_Test/Content/Mixamo/Claire/Claire_New_Textures/Claire_fuse_export_Top_Normal.uasset" 640
"../../../Within_VR_Test/Content/Mixamo/Claire/Claire_New_Textures/Claire_fuse_export_Top_Opacity.uasset" 641
"../../../Within_VR_Test/Content/Mixamo/Claire/Claire_New_Textures/Claire_fuse_export_Top_Specular.uasset" 642
"../../../Within_VR_Test/Content/Mixamo/Claire/Claire_New_Textures/Claire_new_topmat.uasset" 643
"../../../Within_VR_Test/Content/audio/ending_audio/heart_beat.uasset" 644
"../../../Within_VR_Test/Content/audio/ending_audio/Helpful_Student-wav.uasset" 645
"../../../Within_VR_Test/Content/audio/ending_audio/helpful_student_cue.uasset" 646
"../../../Within_VR_Test/Content/audio/ending_audio/Where_d_everyone_go_-wav.uasset" 647
"../../../Within_VR_Test/Content/audio/ending_audio/whered_everyone_go_cue.uasset" 648
"../../../Within_VR_Test/Content/audio/group_audio_1-wav.uasset" 649
"../../../Within_VR_Test/Content/audio/group_audio_1_cue.uasset" 650
"../../../Within_VR_Test/Content/audio/Scratch_V2/_Alex_-wav.uasset" 651
"../../../Within_VR_Test/Content/audio/Scratch_V2/_Alex_-wav_Cue.uasset" 652
"../../../Within_VR_Test/Content/audio/Scratch_V2/Alex_Spiral_1-wav.uasset" 653
"../../../Within_VR_Test/Content/audio/Scratch_V2/Alex_Spiral_1-wav_Cue.uasset" 654
"../../../Within_VR_Test/Content/audio/Scratch_V2/Alex_Spiral_2-wav.uasset" 655
"../../../Within_VR_Test/Content/audio/Scratch_V2/Alex_Spiral_2-wav_Cue.uasset" 656
"../../../Within_VR_Test/Content/audio/Scratch_V2/Alex_Spiral_3-wav.uasset" 657
"../../../Within_VR_Test/Content/audio/Scratch_V2/Alex_Spiral_3-wav_Cue.uasset" 658
"../../../Within_VR_Test/Content/audio/Scratch_V2/cant_be_left_alone-wav.uasset" 659
"../../../Within_VR_Test/Content/audio/Scratch_V2/cant_be_left_alone-wav_Cue.uasset" 660
"../../../Within_VR_Test/Content/audio/Scratch_V2/Claire_by_the_way-wav.uasset" 661
"../../../Within_VR_Test/Content/audio/Scratch_V2/Claire_by_the_way-wav_Cue.uasset" 662
"../../../Within_VR_Test/Content/audio/Scratch_V2/Claire_got_your_name-wav.uasset" 663
"../../../Within_VR_Test/Content/audio/Scratch_V2/Claire_got_your_name-wav_Cue.uasset" 664
"../../../Within_VR_Test/Content/audio/Scratch_V2/Claire_hey_there__you_doing_ok_-wav.uasset" 665
"../../../Within_VR_Test/Content/audio/Scratch_V2/Claire_hey_there__you_doing_ok_-wav_Cue.uasset" 666
"../../../Within_VR_Test/Content/audio/Scratch_V2/Claire_you_know_what_s_worked_for_me_-wav.uasset" 667
"../../../Within_VR_Test/Content/audio/Scratch_V2/Claire_you_know_what_s_worked_for_me_-wav_Cue.uasset" 668
"../../../Within_VR_Test/Content/audio/Scratch_V2/crap_crap_-wav.uasset" 669
"../../../Within_VR_Test/Content/audio/Scratch_V2/crap_crap_-wav_Cue.uasset" 670
"../../../Within_VR_Test/Content/audio/Scratch_V2/do_you_need_another-wav.uasset" 671
"../../../Within_VR_Test/Content/audio/Scratch_V2/do_you_need_another-wav_Cue.uasset" 672
"../../../Within_VR_Test/Content/audio/Scratch_V2/dont_know_her-wav.uasset" 673
"../../../Within_VR_Test/Content/audio/Scratch_V2/dont_know_her-wav_Cue.uasset" 674
"../../../Within_VR_Test/Content/audio/Scratch_V2/dont_know_him-wav.uasset" 675
"../../../Within_VR_Test/Content/audio/Scratch_V2/dont_know_him-wav_Cue.uasset" 676
"../../../Within_VR_Test/Content/audio/Scratch_V2/High_Expectations2-wav.uasset" 677
"../../../Within_VR_Test/Content/audio/Scratch_V2/High_Expectations2-wav_Cue.uasset" 678
"../../../Within_VR_Test/Content/audio/Scratch_V2/im_going_to_be_ok-wav.uasset" 679
"../../../Within_VR_Test/Content/audio/Scratch_V2/im_going_to_be_ok-wav_Cue.uasset" 680
"../../../Within_VR_Test/Content/audio/Scratch_V2/Lara_we_already_have_a_group_of_three-wav.uasset" 681
"../../../Within_VR_Test/Content/audio/Scratch_V2/Lara_we_already_have_a_group_of_three-wav_Cue.uasset" 682
"../../../Within_VR_Test/Content/audio/Scratch_V2/such_a_loser-wav.uasset" 683
"../../../Within_VR_Test/Content/audio/Scratch_V2/such_a_loser-wav_Cue.uasset" 684
"../../../Within_VR_Test/Content/audio/Scratch_V2/take_a_peek-wav_Cue.uasset" 685
"../../../Within_VR_Test/Content/audio/Scratch_V2/Teacher_get_into_groups-wav.uasset" 686
"../../../Within_VR_Test/Content/audio/Scratch_V2/Teacher_get_into_groups-wav_Cue.uasset" 687
"../../../Within_VR_Test/Content/audio/Scratch_V2/Teacher_good_bye-wav.uasset" 688
"../../../Within_VR_Test/Content/audio/Scratch_V2/Teacher_good_bye-wav_Cue.uasset" 689
"../../../Within_VR_Test/Content/audio/Scratch_V2/Teacher_intro-wav.uasset" 690
"../../../Within_VR_Test/Content/audio/Scratch_V2/Teacher_intro-wav_Cue.uasset" 691
"../../../Within_VR_Test/Content/audio/Scratch_V2/Teacher_join_thsatss_group-wav.uasset" 692
"../../../Within_VR_Test/Content/audio/Scratch_V2/Teacher_join_thsatss_group-wav_Cue.uasset" 693
"../../../Within_VR_Test/Content/audio/Scratch_V2/this_summer_sucked_3-wav.uasset" 694
"../../../Within_VR_Test/Content/audio/Scratch_V2/this_summer_sucked_3-wav_Cue.uasset" 695
"../../../Within_VR_Test/Content/audio/Scratch_V2/you_in_a_group_already-wav.uasset" 696
"../../../Within_VR_Test/Content/audio/Scratch_V2/you_in_a_group_already-wav_Cue.uasset" 697
"../../../Within_VR_Test/Content/audio/This_Is_The_Worst-wav.uasset" 698
"../../../Within_VR_Test/Content/audio/this_is_the_worst_cue.uasset" 699
"../../../Within_VR_Test/Content/Maya_assets/cork_wood.uasset" 700
"../../../Within_VR_Test/Content/Maya_assets/desk.uasset" 701
"../../../Within_VR_Test/Content/Maya_assets/plastic_green.uasset" 702
"../../../Within_VR_Test/Content/Maya_assets/green_chair.uasset" 703
"../../../Within_VR_Test/Content/Mixamo/Claire/claire_2_PhysicsAsset.uasset" 704
"../../../Within_VR_Test/Content/Mixamo/Claire/claire_2.uasset" 705
"../../../Within_VR_Test/Content/Mixamo/extras/Finn/Fuse_extra_guy_4_Body_Diffuse.uasset" 706
"../../../Within_VR_Test/Content/Mixamo/extras/Finn/Fuse_extra_guy_4_Body_Gloss.uasset" 707
"../../../Within_VR_Test/Content/Mixamo/extras/Finn/Fuse_extra_guy_4_Body_Normal.uasset" 708
"../../../Within_VR_Test/Content/Mixamo/extras/Finn/Fuse_extra_guy_4_Body_Opacity.uasset" 709
"../../../Within_VR_Test/Content/Mixamo/extras/Finn/Fuse_extra_guy_4_Body_Specular.uasset" 710
"../../../Within_VR_Test/Content/Mixamo/extras/Finn/EX_Guy_4_bodymat.uasset" 711
"../../../Within_VR_Test/Content/Mixamo/extras/Finn/Fuse_extra_guy_4_Bottom_Diffuse.uasset" 712
"../../../Within_VR_Test/Content/Mixamo/extras/Finn/Fuse_extra_guy_4_Bottom_Gloss.uasset" 713
"../../../Within_VR_Test/Content/Mixamo/extras/Finn/Fuse_extra_guy_4_Bottom_Normal.uasset" 714
"../../../Within_VR_Test/Content/Mixamo/extras/Finn/Fuse_extra_guy_4_Bottom_Opacity.uasset" 715
"../../../Within_VR_Test/Content/Mixamo/extras/Finn/Fuse_extra_guy_4_Bottom_Specular.uasset" 716
"../../../Within_VR_Test/Content/Mixamo/extras/Finn/Ex_guy_4_bottmat.uasset" 717
"../../../Within_VR_Test/Content/Mixamo/extras/Finn/Fuse_extra_guy_4_Shoes_Diffuse.uasset" 718
"../../../Within_VR_Test/Content/Mixamo/extras/Finn/Fuse_extra_guy_4_Shoes_Gloss.uasset" 719
"../../../Within_VR_Test/Content/Mixamo/extras/Finn/Fuse_extra_guy_4_Shoes_Normal.uasset" 720
"../../../Within_VR_Test/Content/Mixamo/extras/Finn/Fuse_extra_guy_4_Shoes_Opacity.uasset" 721
"../../../Within_VR_Test/Content/Mixamo/extras/Finn/Fuse_extra_guy_4_Shoes_Specular.uasset" 722
"../../../Within_VR_Test/Content/Mixamo/extras/Finn/EX_Guy_4_Shoesmat.uasset" 723
"../../../Within_VR_Test/Content/Mixamo/extras/Finn/Fuse_extra_guy_4_Top_Diffuse.uasset" 724
"../../../Within_VR_Test/Content/Mixamo/extras/Finn/Fuse_extra_guy_4_Top_Gloss.uasset" 725
"../../../Within_VR_Test/Content/Mixamo/extras/Finn/Fuse_extra_guy_4_Top_Normal.uasset" 726
"../../../Within_VR_Test/Content/Mixamo/extras/Finn/Fuse_extra_guy_4_Top_Opacity.uasset" 727
"../../../Within_VR_Test/Content/Mixamo/extras/Finn/Fuse_extra_guy_4_Top_Specular.uasset" 728
"../../../Within_VR_Test/Content/Mixamo/extras/Finn/EX_Guy_4_Topmat.uasset" 729
"../../../Within_VR_Test/Content/Mixamo/extras/Finn/Finn_PhysicsAsset.uasset" 730
"../../../Within_VR_Test/Content/Mixamo/extras/Finn/Finn.uasset" 731
"../../../Within_VR_Test/Content/Mixamo/extras/girl_2_2/Fuse_Extra_Girl_2_Body_Diffuse.uasset" 732
"../../../Within_VR_Test/Content/Mixamo/extras/girl_2_2/Fuse_Extra_Girl_2_Body_Gloss.uasset" 733
"../../../Within_VR_Test/Content/Mixamo/extras/girl_2_2/Fuse_Extra_Girl_2_Body_Normal.uasset" 734
"../../../Within_VR_Test/Content/Mixamo/extras/girl_2_2/Fuse_Extra_Girl_2_Body_Opacity.uasset" 735
"../../../Within_VR_Test/Content/Mixamo/extras/girl_2_2/Fuse_Extra_Girl_2_Body_Specular.uasset" 736
"../../../Within_VR_Test/Content/Mixamo/extras/girl_2_2/Ex_Girl_2_2_Bodymat.uasset" 737
"../../../Within_VR_Test/Content/Mixamo/extras/girl_2_2/Fuse_Extra_Girl_2_Bottom_Diffuse.uasset" 738
"../../../Within_VR_Test/Content/Mixamo/extras/girl_2_2/Fuse_Extra_Girl_2_Bottom_Gloss.uasset" 739
"../../../Within_VR_Test/Content/Mixamo/extras/girl_2_2/Fuse_Extra_Girl_2_Bottom_Normal.uasset" 740
"../../../Within_VR_Test/Content/Mixamo/extras/girl_2_2/Fuse_Extra_Girl_2_Bottom_Opacity.uasset" 741
"../../../Within_VR_Test/Content/Mixamo/extras/girl_2_2/Fuse_Extra_Girl_2_Bottom_Specular.uasset" 742
"../../../Within_VR_Test/Content/Mixamo/extras/girl_2_2/Ex_Girl_2_2_bottmat.uasset" 743
"../../../Within_VR_Test/Content/Mixamo/extras/girl_2_2/Fuse_Extra_Girl_2_Shoes_Diffuse.uasset" 744
"../../../Within_VR_Test/Content/Mixamo/extras/girl_2_2/Fuse_Extra_Girl_2_Shoes_Gloss.uasset" 745
"../../../Within_VR_Test/Content/Mixamo/extras/girl_2_2/Fuse_Extra_Girl_2_Shoes_Normal.uasset" 746
"../../../Within_VR_Test/Content/Mixamo/extras/girl_2_2/Fuse_Extra_Girl_2_Shoes_Opacity.uasset" 747
"../../../Within_VR_Test/Content/Mixamo/extras/girl_2_2/Fuse_Extra_Girl_2_Shoes_Specular.uasset" 748
"../../../Within_VR_Test/Content/Mixamo/extras/girl_2_2/Ex_Girl_2_2_Shoesmat.uasset" 749
"../../../Within_VR_Test/Content/Mixamo/extras/girl_2_2/Fuse_Extra_Girl_2_Top_Diffuse.uasset" 750
"../../../Within_VR_Test/Content/Mixamo/extras/girl_2_2/Fuse_Extra_Girl_2_Top_Gloss.uasset" 751
"../../../Within_VR_Test/Content/Mixamo/extras/girl_2_2/Fuse_Extra_Girl_2_Top_Normal.uasset" 752
"../../../Within_VR_Test/Content/Mixamo/extras/girl_2_2/Fuse_Extra_Girl_2_Top_Opacity.uasset" 753
"../../../Within_VR_Test/Content/Mixamo/extras/girl_2_2/Fuse_Extra_Girl_2_Top_Specular.uasset" 754
"../../../Within_VR_Test/Content/Mixamo/extras/girl_2_2/eX_gIRL_2_2_TOPMAT.uasset" 755
"../../../Within_VR_Test/Content/Mixamo/extras/Fuse_Extra_Girl_2_2_PhysicsAsset.uasset" 756
"../../../Within_VR_Test/Content/Mixamo/extras/Fuse_Extra_Girl_2_2.uasset" 757
"../../../Within_VR_Test/Content/Mixamo/extras/extra_materials/Girl_3/Fuse_Girl_Extra_3_Hat_Diffuse.uasset" 758
"../../../Within_VR_Test/Content/Mixamo/extras/extra_materials/Girl_3/Fuse_Girl_Extra_3_Hat_Gloss.uasset" 759
"../../../Within_VR_Test/Content/Mixamo/extras/extra_materials/Girl_3/Fuse_Girl_Extra_3_Hat_Normal.uasset" 760
"../../../Within_VR_Test/Content/Mixamo/extras/extra_materials/Girl_3/Fuse_Girl_Extra_3_Hat_Opacity.uasset" 761
"../../../Within_VR_Test/Content/Mixamo/extras/extra_materials/Girl_3/Fuse_Girl_Extra_3_Hat_Specular.uasset" 762
"../../../Within_VR_Test/Content/Mixamo/extras/extra_materials/Girl_3/ex_3_hatmat.uasset" 763
"../../../Within_VR_Test/Content/Mixamo/extras/extra_materials/Girl_3/Fuse_Girl_Extra_3_Shoes_Diffuse.uasset" 764
"../../../Within_VR_Test/Content/Mixamo/extras/extra_materials/Girl_3/Fuse_Girl_Extra_3_Shoes_Gloss.uasset" 765
"../../../Within_VR_Test/Content/Mixamo/extras/extra_materials/Girl_3/Fuse_Girl_Extra_3_Shoes_Normal.uasset" 766
"../../../Within_VR_Test/Content/Mixamo/extras/extra_materials/Girl_3/Fuse_Girl_Extra_3_Shoes_Opacity.uasset" 767
"../../../Within_VR_Test/Content/Mixamo/extras/extra_materials/Girl_3/Fuse_Girl_Extra_3_Shoes_Specular.uasset" 768
"../../../Within_VR_Test/Content/Mixamo/extras/extra_materials/Girl_3/ex_3_shoesmat.uasset" 769
"../../../Within_VR_Test/Content/Mixamo/extras/extra_materials/Girl_3/Fuse_Girl_Extra_3_Top_Diffuse.uasset" 770
"../../../Within_VR_Test/Content/Mixamo/extras/extra_materials/Girl_3/Fuse_Girl_Extra_3_Top_Gloss.uasset" 771
"../../../Within_VR_Test/Content/Mixamo/extras/extra_materials/Girl_3/Fuse_Girl_Extra_3_Top_Normal.uasset" 772
"../../../Within_VR_Test/Content/Mixamo/extras/extra_materials/Girl_3/Fuse_Girl_Extra_3_Top_Opacity.uasset" 773
"../../../Within_VR_Test/Content/Mixamo/extras/extra_materials/Girl_3/Fuse_Girl_Extra_3_Top_Specular.uasset" 774
"../../../Within_VR_Test/Content/Mixamo/extras/extra_materials/Girl_3/ex_3_topmat.uasset" 775
"../../../Within_VR_Test/Content/Mixamo/extras/extra_materials/Girl_3/Fuse_Girl_Extra_3_Bottom_Diffuse.uasset" 776
"../../../Within_VR_Test/Content/Mixamo/extras/extra_materials/Girl_3/Fuse_Girl_Extra_3_Bottom_Gloss.uasset" 777
"../../../Within_VR_Test/Content/Mixamo/extras/extra_materials/Girl_3/Fuse_Girl_Extra_3_Bottom_Normal.uasset" 778
"../../../Within_VR_Test/Content/Mixamo/extras/extra_materials/Girl_3/Fuse_Girl_Extra_3_Bottom_Opacity.uasset" 779
"../../../Within_VR_Test/Content/Mixamo/extras/extra_materials/Girl_3/Fuse_Girl_Extra_3_Bottom_Specular.uasset" 780
"../../../Within_VR_Test/Content/Mixamo/extras/extra_materials/Girl_3/ex_girl_3_botmat.uasset" 781
"../../../Within_VR_Test/Content/Mixamo/extras/extra_materials/Girl_3/Fuse_Girl_Extra_3_Body_Diffuse.uasset" 782
"../../../Within_VR_Test/Content/Mixamo/extras/extra_materials/Girl_3/Fuse_Girl_Extra_3_Body_Gloss.uasset" 783
"../../../Within_VR_Test/Content/Mixamo/extras/extra_materials/Girl_3/Fuse_Girl_Extra_3_Body_Normal.uasset" 784
"../../../Within_VR_Test/Content/Mixamo/extras/extra_materials/Girl_3/Fuse_Girl_Extra_3_Body_Opacity.uasset" 785
"../../../Within_VR_Test/Content/Mixamo/extras/extra_materials/Girl_3/Fuse_Girl_Extra_3_Body_Specular.uasset" 786
"../../../Within_VR_Test/Content/Mixamo/extras/extra_materials/Girl_3/ex_girl_bodymat.uasset" 787
"../../../Within_VR_Test/Content/Mixamo/extras/girl_3_4/Rose_Mesh.uasset" 788
"../../../Within_VR_Test/Content/Mixamo/Teacher_Test/FuseModel1_Body_Diffuse.uasset" 789
"../../../Within_VR_Test/Content/Mixamo/Teacher_Test/FuseModel1_Body_Gloss.uasset" 790
"../../../Within_VR_Test/Content/Mixamo/Teacher_Test/FuseModel1_Body_Normal.uasset" 791
"../../../Within_VR_Test/Content/Mixamo/Teacher_Test/FuseModel1_Body_Opacity.uasset" 792
"../../../Within_VR_Test/Content/Mixamo/Teacher_Test/FuseModel1_Body_Specular.uasset" 793
"../../../Within_VR_Test/Content/Mixamo/Teacher_Test/Teacher_Bodymat.uasset" 794
"../../../Within_VR_Test/Content/Mixamo/Teacher_Test_2/Fuse_guy_2_materials/fuse_guy_2_Bottom_AmbientOcclusion.uasset" 795
"../../../Within_VR_Test/Content/Mixamo/Teacher_Test_2/Fuse_guy_2_materials/fuse_guy_2_Bottom_BaseColor.uasset" 796
"../../../Within_VR_Test/Content/Mixamo/Teacher_Test_2/Fuse_guy_2_materials/fuse_guy_2_Bottom_Metallic.uasset" 797
"../../../Within_VR_Test/Content/Mixamo/Teacher_Test_2/Fuse_guy_2_materials/fuse_guy_2_Bottom_Normal.uasset" 798
"../../../Within_VR_Test/Content/Mixamo/Teacher_Test_2/Fuse_guy_2_materials/fuse_guy_2_Bottom_Roughness.uasset" 799
"../../../Within_VR_Test/Content/Mixamo/Teacher_Test_2/Fuse_guy_2_materials/F2bottommat.uasset" 800
"../../../Within_VR_Test/Content/Mixamo/Teacher_Test_2/Fuse_guy_2_materials/fuse_guy_2_Shoes_AmbientOcclusion.uasset" 801
"../../../Within_VR_Test/Content/Mixamo/Teacher_Test_2/Fuse_guy_2_materials/fuse_guy_2_Shoes_BaseColor.uasset" 802
"../../../Within_VR_Test/Content/Mixamo/Teacher_Test_2/Fuse_guy_2_materials/fuse_guy_2_Shoes_Metallic.uasset" 803
"../../../Within_VR_Test/Content/Mixamo/Teacher_Test_2/Fuse_guy_2_materials/fuse_guy_2_Shoes_Normal.uasset" 804
"../../../Within_VR_Test/Content/Mixamo/Teacher_Test_2/Fuse_guy_2_materials/fuse_guy_2_Shoes_Roughness.uasset" 805
"../../../Within_VR_Test/Content/Mixamo/Teacher_Test_2/Fuse_guy_2_materials/F2Shoesmat.uasset" 806
"../../../Within_VR_Test/Content/Mixamo/Teacher_Test_2/Fuse_guy_2_materials/fuse_guy_2_Top_AmbientOcclusion.uasset" 807
"../../../Within_VR_Test/Content/Mixamo/Teacher_Test_2/Fuse_guy_2_materials/fuse_guy_2_Top_BaseColor.uasset" 808
"../../../Within_VR_Test/Content/Mixamo/Teacher_Test_2/Fuse_guy_2_materials/fuse_guy_2_Top_Metallic.uasset" 809
"../../../Within_VR_Test/Content/Mixamo/Teacher_Test_2/Fuse_guy_2_materials/fuse_guy_2_Top_Normal.uasset" 810
"../../../Within_VR_Test/Content/Mixamo/Teacher_Test_2/Fuse_guy_2_materials/fuse_guy_2_Top_Roughness.uasset" 811
"../../../Within_VR_Test/Content/Mixamo/Teacher_Test_2/Fuse_guy_2_materials/F2topmat.uasset" 812
"../../../Within_VR_Test/Content/Mixamo/Teacher_Test_2/Teacher_PhysicsAsset.uasset" 813
"../../../Within_VR_Test/Content/Mixamo/Teacher_Test_2/Teacher_Static_mesh.uasset" 814
"../../../Within_VR_Test/Content/Dark_parade_WITHIN_REDUX_Piano_2-wav.uasset" 815
"../../../Within_VR_Test/Content/Piano_Start.uasset" 816
"../../../Within_VR_Test/Content/SmallRoom.umap" 817
"../../../Within_VR_Test/Content/animation/Having_A_Meeting__Female_Anim.uasset" 818
"../../../Within_VR_Test/Content/animation/Sitting__1_2.uasset" 819
"../../../Within_VR_Test/Content/animation/Ex_Girl_1_1_animation_test.uasset" 820
"../../../Within_VR_Test/Content/animation/Having_A_Meeting__Female_Anim1.uasset" 821
"../../../Within_VR_Test/Content/animation/Sitting__1_3.uasset" 822
"../../../Within_VR_Test/Content/animation/Sitting_Talking__1__Anim1.uasset" 823
"../../../Within_VR_Test/Content/animation/Ex_Girl_1_1_animation_test1.uasset" 824
"../../../Within_VR_Test/Content/Mixamo/extras/girl_3_4/Sitting__1_.uasset" 825
"../../../Within_VR_Test/Content/Whitebox_BuiltData.uasset" 826
"../../../Within_VR_Test/Content/Mixamo/Teacher_Test_2/Fuse_guy_2_materials/fuse_guy_2_Body_AmbientOcclusion.uasset" 827
"../../../Within_VR_Test/Content/Mixamo/Teacher_Test_2/Fuse_guy_2_materials/fuse_guy_2_Body_BaseColor.uasset" 828
"../../../Within_VR_Test/Content/Mixamo/Teacher_Test_2/Fuse_guy_2_materials/fuse_guy_2_Body_Metallic.uasset" 829
"../../../Within_VR_Test/Content/Mixamo/Teacher_Test_2/Fuse_guy_2_materials/fuse_guy_2_Body_Normal.uasset" 830
"../../../Within_VR_Test/Content/Mixamo/Teacher_Test_2/Fuse_guy_2_materials/fuse_guy_2_Body_Roughness.uasset" 831
"../../../Within_VR_Test/Content/Mixamo/Teacher_Test_2/Fuse_guy_2_materials/F2Bodymat.uasset" 832
"../../../Within_VR_Test/Content/Whitebox.umap" 833
"../../../Within_VR_Test/Content/Whitebox_Bright_BuiltData.uasset" 834
"../../../Within_VR_Test/Content/Materials/Whitebox_Bright_Materials/FloorBright.uasset" 835
"../../../Within_VR_Test/Content/Materials/Whitebox_Bright_Materials/Wall_Bright_1.uasset" 836
"../../../Within_VR_Test/Content/Materials/Whitebox_Bright_Materials/Wall_Bright_2.uasset" 837
"../../../Within_VR_Test/Content/Materials/Whitebox_Bright_Materials/Wall_Bright_3.uasset" 838
"../../../Within_VR_Test/Content/Materials/Whitebox_Bright_Materials/Wall_Bright_4.uasset" 839
"../../../Within_VR_Test/Content/Whitebox_Bright.umap" 840
"../../../Within_VR_Test/Content/VirtualRealityBP/Blueprints/HMDLocomotionPawn.uasset" 841
"../../../Within_VR_Test/Content/VirtualRealityBP/Maps/HMDLocomotionMap_BuiltData.uasset" 842
"../../../Within_VR_Test/Content/VirtualReality/Materials/M_BaseMaterial.uasset" 843
"../../../Within_VR_Test/Content/VirtualReality/Materials/MI_BaseMaterial2.uasset" 844
"../../../Within_VR_Test/Content/VirtualReality/Materials/MI_BaseMaterial3.uasset" 845
"../../../Within_VR_Test/Content/VirtualRealityBP/Maps/HMDLocomotionMap.umap" 846
"../../../Within_VR_Test/Content/VirtualReality/Materials/MI_SmallCubes.uasset" 847
"../../../Within_VR_Test/Content/VirtualRealityBP/Blueprints/BP_PickupCube.uasset" 848
"../../../Within_VR_Test/Content/VirtualRealityBP/Maps/MotionControllerMap_BuiltData.uasset" 849
"../../../Within_VR_Test/Content/VirtualRealityBP/Maps/MotionControllerMap.umap" 850
"../../../Within_VR_Test/Content/VirtualRealityBP/Maps/StartupMap_BuiltData.uasset" 851
"../../../Within_VR_Test/Content/VirtualReality/Materials/GenericHMDMaterial.uasset" 852
"../../../Engine/Content/MapTemplates/Sky/DaylightAmbientCubemap.uasset" 853
"../../../Within_VR_Test/Content/VirtualReality/Meshes/GenericHMD.uasset" 854
"../../../Within_VR_Test/Content/VirtualRealityBP/Maps/StartupMap.umap" 855
"../../../Engine/Content/Maps/Entry.umap" 856
